app/build/outputs/logs/manifest-merger-debug-report.txt
-- Merging decision tree log ---
manifest
ADDED from src/main/AndroidManifest.xml:2:1-62:12
	xmlns:android
		ADDED from src/main/AndroidManifest.xml:2:11-69
	package
		ADDED from src/main/AndroidManifest.xml:3:3-36
		INJECTED from src/main/AndroidManifest.xml
		INJECTED from src/main/AndroidManifest.xml
	android:versionName
		ADDED from src/main/AndroidManifest.xml:5:3-28
		INJECTED from src/main/AndroidManifest.xml
		INJECTED from src/main/AndroidManifest.xml
	android:versionCode
		ADDED from src/main/AndroidManifest.xml:4:3-27
		INJECTED from src/main/AndroidManifest.xml
		INJECTED from src/main/AndroidManifest.xml
supports-screens
ADDED from src/main/AndroidManifest.xml:7:3-11:32
	android:largeScreens
		ADDED from src/main/AndroidManifest.xml:10:5-32
	android:anyDensity
		ADDED from src/main/AndroidManifest.xml:11:5-30
	android:normalScreens
		ADDED from src/main/AndroidManifest.xml:9:5-33
	android:smallScreens
		ADDED from src/main/AndroidManifest.xml:8:5-32
uses-sdk
ADDED from src/main/AndroidManifest.xml:13:3-15:36
	android:targetSdkVersion
		ADDED from src/main/AndroidManifest.xml:15:5-34
		INJECTED from src/main/AndroidManifest.xml
		INJECTED from src/main/AndroidManifest.xml
	android:minSdkVersion
		ADDED from src/main/AndroidManifest.xml:14:5-31
		INJECTED from src/main/AndroidManifest.xml
		INJECTED from src/main/AndroidManifest.xml
uses-permission#android.permission.ACCESS_NETWORK_STATE
ADDED from src/main/AndroidManifest.xml:17:3-76
	android:name
		ADDED from src/main/AndroidManifest.xml:17:20-74
uses-permission#android.permission.ACCESS_WIFI_STATE
ADDED from src/main/AndroidManifest.xml:18:3-73
	android:name
		ADDED from src/main/AndroidManifest.xml:18:20-71
uses-permission#android.permission.BLUETOOTH
ADDED from src/main/AndroidManifest.xml:19:3-65
	android:name
		ADDED from src/main/AndroidManifest.xml:19:20-63
uses-permission#android.permission.BLUETOOTH_ADMIN
ADDED from src/main/AndroidManifest.xml:20:3-71
	android:name
		ADDED from src/main/AndroidManifest.xml:20:20-69
uses-permission#android.permission.CHANGE_WIFI_MULTICAST_STATE
ADDED from src/main/AndroidManifest.xml:21:3-83
	android:name
		ADDED from src/main/AndroidManifest.xml:21:20-81
uses-permission#android.permission.INTERNET
ADDED from src/main/AndroidManifest.xml:22:3-64
	android:name
		ADDED from src/main/AndroidManifest.xml:22:20-62
application
ADDED from src/main/AndroidManifest.xml:24:3-61:17
	android:label
		ADDED from src/main/AndroidManifest.xml:27:5-37
	android:allowBackup
		ADDED from src/main/AndroidManifest.xml:25:5-31
	android:icon
		ADDED from src/main/AndroidManifest.xml:26:5-47
activity#org.jfedor.frozenbubble.FrozenBubble
ADDED from src/main/AndroidManifest.xml:29:5-39:16
	android:label
		ADDED from src/main/AndroidManifest.xml:32:7-39
	android:configChanges
		ADDED from src/main/AndroidManifest.xml:31:7-57
	android:name
		ADDED from src/main/AndroidManifest.xml:30:7-34
	android:alwaysRetainTaskState
		ADDED from src/main/AndroidManifest.xml:33:7-43
	android:launchMode
		ADDED from src/main/AndroidManifest.xml:34:7-42
intent-filter#android.intent.category.DEFAULT+org.jfedor.frozenbubble.GAME
ADDED from src/main/AndroidManifest.xml:35:7-38:23
action#org.jfedor.frozenbubble.GAME
ADDED from src/main/AndroidManifest.xml:36:9-62
	android:name
		ADDED from src/main/AndroidManifest.xml:36:17-60
category#android.intent.category.DEFAULT
ADDED from src/main/AndroidManifest.xml:37:9-67
	android:name
		ADDED from src/main/AndroidManifest.xml:37:19-65
activity#com.efortin.frozenbubble.PreferencesActivity
ADDED from src/main/AndroidManifest.xml:41:5-44:16
	android:theme
		ADDED from src/main/AndroidManifest.xml:43:7-60
	android:name
		ADDED from src/main/AndroidManifest.xml:42:7-66
activity#com.efortin.frozenbubble.ScrollingCredits
ADDED from src/main/AndroidManifest.xml:46:5-50:16
	android:label
		ADDED from src/main/AndroidManifest.xml:49:7-41
	android:configChanges
		ADDED from src/main/AndroidManifest.xml:48:7-57
	android:name
		ADDED from src/main/AndroidManifest.xml:47:7-63
activity#com.efortin.frozenbubble.HomeScreen
ADDED from src/main/AndroidManifest.xml:52:5-60:16
	android:label
		ADDED from src/main/AndroidManifest.xml:55:7-57
	android:configChanges
		ADDED from src/main/AndroidManifest.xml:54:7-57
	android:name
		ADDED from src/main/AndroidManifest.xml:53:7-57
intent-filter#android.intent.action.MAIN+android.intent.category.LAUNCHER
ADDED from src/main/AndroidManifest.xml:56:7-59:23
action#android.intent.action.MAIN
ADDED from src/main/AndroidManifest.xml:57:9-60
	android:name
		ADDED from src/main/AndroidManifest.xml:57:17-58
category#android.intent.category.LAUNCHER
ADDED from src/main/AndroidManifest.xml:58:9-68
	android:name
		ADDED from src/main/AndroidManifest.xml:58:19-66